[+] Containers:
 |- [+] Container: /Game/ThirdPerson/Maps/ThirdPersonMap
 |   |- [+] ActorDescs:
 |   |   |- Guid:0FA8A6CA4BB4EACD03E5F392704BE7C4 NativeClass:/Script/Engine.StaticMeshActor Name:StaticMeshActor_UAID_F89E94828C4AA47D02_1335112452 Label:Cube21 SpatiallyLoaded:true EditorBounds:IsValid=true, Min=(X=-25086.466 Y=-4695.124 Z=-203.744), Max=(X=-21195.645 Y=-4435.032 Z=37.257) RuntimeBounds:IsValid=true, Min=(X=-25086.466 Y=-4695.124 Z=-203.744), Max=(X=-21195.645 Y=-4435.032 Z=37.257) RuntimeGrid:None EditorOnly:false RuntimeOnly:false HLODRelevant:true ListedInSceneOutliner:true IsMainWorldOnly:false
 |   |   |- Guid:1F44294B4B3310143A049DA097B81225 NativeClass:/Script/Engine.StaticMeshActor Name:StaticMeshActor_UAID_F89E94828C4AA17D02_1881270846 Label:Cube15 SpatiallyLoaded:true EditorBounds:IsValid=true, Min=(X=-740.675 Y=-7777.028 Z=-203.744), Max=(X=-640.675 Y=-4785.107 Z=37.257) RuntimeBounds:IsValid=true, Min=(X=-740.675 Y=-7777.028 Z=-203.744), Max=(X=-640.675 Y=-4785.107 Z=37.257) RuntimeGrid:None EditorOnly:false RuntimeOnly:false HLODRelevant:true ListedInSceneOutliner:true IsMainWorldOnly:false
 |   |   |- Guid:245052084D8DA9E55251AF8EDB328FF2 NativeClass:/Script/Engine.StaticMeshActor Name:StaticMeshActor_UAID_F89E94828C4AA17D02_1725233840 Label:Cube9 SpatiallyLoaded:true EditorBounds:IsValid=true, Min=(X=2866.623 Y=-3320.262 Z=-203.744), Max=(X=4172.028 Y=-3220.262 Z=37.257) RuntimeBounds:IsValid=true, Min=(X=2866.623 Y=-3320.262 Z=-203.744), Max=(X=4172.028 Y=-3220.262 Z=37.257) RuntimeGrid:None EditorOnly:false RuntimeOnly:false HLODRelevant:true ListedInSceneOutliner:true IsMainWorldOnly:false
 |   |   |- Guid:2486C0884D1E7C47A14EC78FA836CCD2 NativeClass:/Script/Engine.StaticMeshActor Name:StaticMeshActor_UAID_F89E94828C4AA17D02_1674180837 Label:Cube7 SpatiallyLoaded:true EditorBounds:IsValid=true, Min=(X=2798.412 Y=-4820.975 Z=-193.512), Max=(X=4124.346 Y=-3330.881 Z=-186.488) RuntimeBounds:IsValid=true, Min=(X=2798.412 Y=-4820.975 Z=-193.512), Max=(X=4124.346 Y=-3330.881 Z=-186.488) RuntimeGrid:None EditorOnly:false RuntimeOnly:false HLODRelevant:true ListedInSceneOutliner:true IsMainWorldOnly:false
 |   |   |- Guid:2FB58999456391D349DC0F86DAC136ED NativeClass:/Script/Engine.SkyLight Name:SkyLight_1 Label:SkyLight SpatiallyLoaded:false EditorBounds:IsValid=true, Min=(X=0.000 Y=0.000 Z=690.000), Max=(X=0.000 Y=0.000 Z=690.000) RuntimeBounds:IsValid=true, Min=(X=0.000 Y=0.000 Z=690.000), Max=(X=0.000 Y=0.000 Z=690.000) RuntimeGrid:None EditorOnly:false RuntimeOnly:false HLODRelevant:false ListedInSceneOutliner:true IsMainWorldOnly:false FolderPath:Lighting FolderGuid:963EC3EB4002CCE9759E2EBA541A873A
 |   |   |- Guid:316CF2A6494ACA4C0E4180A87D36AB8F NativeClass:/Script/Engine.ExponentialHeightFog Name:ExponentialHeightFog_0 Label:ExponentialHeightFog SpatiallyLoaded:false EditorBounds:IsValid=true, Min=(X=-5600.000 Y=-50.000 Z=-6850.000), Max=(X=-5600.000 Y=-50.000 Z=-6850.000) RuntimeBounds:IsValid=true, Min=(X=-5600.000 Y=-50.000 Z=-6850.000), Max=(X=-5600.000 Y=-50.000 Z=-6850.000) RuntimeGrid:None EditorOnly:false RuntimeOnly:false HLODRelevant:false ListedInSceneOutliner:true IsMainWorldOnly:false FolderPath:Lighting FolderGuid:963EC3EB4002CCE9759E2EBA541A873A
 |   |   |- Guid:369E1FCA494C2DB631BB61917E983104 NativeClass:/Script/Engine.StaticMeshActor Name:StaticMeshActor_UAID_F89E94828C4AA47D02_1348491455 Label:Cube24 SpatiallyLoaded:true EditorBounds:IsValid=true, Min=(X=-19021.068 Y=-472.403 Z=-203.744), Max=(X=-18838.623 Y=1762.984 Z=37.257) RuntimeBounds:IsValid=true, Min=(X=-19021.068 Y=-472.403 Z=-203.744), Max=(X=-18838.623 Y=1762.984 Z=37.257) RuntimeGrid:None EditorOnly:false RuntimeOnly:false HLODRelevant:true ListedInSceneOutliner:true IsMainWorldOnly:false
 |   |   |- Guid:3A00AA1C422CE54C0BDB60BAF471BFBB NativeClass:/Script/Engine.PlayerStart Name:PlayerStart_0 Label:PlayerStart SpatiallyLoaded:false EditorBounds:IsValid=true, Min=(X=-1859.749 Y=2036.728 Z=-34.000), Max=(X=-1542.467 Y=2412.574 Z=222.000) RuntimeBounds:IsValid=true, Min=(X=-1725.108 Y=2229.933 Z=2.000), Max=(X=-1615.826 Y=2339.215 Z=186.000) RuntimeGrid:None EditorOnly:false RuntimeOnly:false HLODRelevant:false ListedInSceneOutliner:true IsMainWorldOnly:false
 |   |   |- Guid:4B0099E2460D24089E71DE9C8B639C60 NativeClass:/Script/Engine.StaticMeshActor Name:StaticMeshActor_UAID_F89E94828C4AA17D02_1755807841 Label:Cube10 SpatiallyLoaded:true EditorBounds:IsValid=true, Min=(X=4099.325 Y=-6337.489 Z=-203.744), Max=(X=4199.325 Y=-3264.646 Z=37.257) RuntimeBounds:IsValid=true, Min=(X=4099.325 Y=-6337.489 Z=-203.744), Max=(X=4199.325 Y=-3264.646 Z=37.257) RuntimeGrid:None EditorOnly:false RuntimeOnly:false HLODRelevant:true ListedInSceneOutliner:true IsMainWorldOnly:false
 |   |   |- Guid:4D3BE93F4146AAAC8BBE79999D96D57F NativeClass:/Script/Engine.VolumetricCloud Name:VolumetricCloud_0 Label:VolumetricCloud SpatiallyLoaded:false EditorBounds:IsValid=true, Min=(X=0.000 Y=0.000 Z=820.000), Max=(X=0.000 Y=0.000 Z=820.000) RuntimeBounds:IsValid=true, Min=(X=0.000 Y=0.000 Z=820.000), Max=(X=0.000 Y=0.000 Z=820.000) RuntimeGrid:None EditorOnly:false RuntimeOnly:false HLODRelevant:false ListedInSceneOutliner:true IsMainWorldOnly:false FolderPath:Lighting FolderGuid:963EC3EB4002CCE9759E2EBA541A873A
 |   |   |- Guid:4EB9B8AB40043AE11192C6AAD7D268EB NativeClass:/Script/Engine.StaticMeshActor Name:StaticMeshActor_UAID_F89E94828C4AA17D02_1857523845 Label:Cube14 SpatiallyLoaded:true EditorBounds:IsValid=true, Min=(X=579.325 Y=-4819.370 Z=-203.744), Max=(X=679.325 Y=-2802.764 Z=37.257) RuntimeBounds:IsValid=true, Min=(X=579.325 Y=-4819.370 Z=-203.744), Max=(X=679.325 Y=-2802.764 Z=37.257) RuntimeGrid:None EditorOnly:false RuntimeOnly:false HLODRelevant:true ListedInSceneOutliner:true IsMainWorldOnly:false
 |   |   |- Guid:5A4A3E3C45BD51F0605E7AA78BB51219 NativeClass:/Script/Engine.StaticMeshActor Name:StaticMeshActor_UAID_F89E94828C4AA47D02_1143245435 Label:Cube19 SpatiallyLoaded:true EditorBounds:IsValid=true, Min=(X=-24662.699 Y=-4656.765 Z=-193.569), Max=(X=-18961.454 Y=1809.793 Z=-186.431) RuntimeBounds:IsValid=true, Min=(X=-24662.699 Y=-4656.765 Z=-193.569), Max=(X=-18961.454 Y=1809.793 Z=-186.431) RuntimeGrid:None EditorOnly:false RuntimeOnly:false HLODRelevant:true ListedInSceneOutliner:true IsMainWorldOnly:false
 |   |   |- Guid:6BAF4DDD444C60371492D3919DB42C97 NativeClass:/Script/Engine.WorldDataLayers Name:WorldDataLayers Label:WorldDataLayers SpatiallyLoaded:false EditorBounds:IsValid=true, Min=(X=0.000 Y=0.000 Z=0.000), Max=(X=0.000 Y=0.000 Z=0.000) RuntimeBounds:IsValid=true, Min=(X=0.000 Y=0.000 Z=0.000), Max=(X=0.000 Y=0.000 Z=0.000) RuntimeGrid:None EditorOnly:false RuntimeOnly:false HLODRelevant:false ListedInSceneOutliner:true IsMainWorldOnly:true
 |   |   |- Guid:7135F1EA4A28BE222F5E7CB9EDA23A94 NativeClass:/Script/Engine.StaticMeshActor Name:StaticMeshActor_UAID_F89E94828C4AA17D02_1814797842 Label:Cube11 SpatiallyLoaded:true EditorBounds:IsValid=true, Min=(X=-648.379 Y=-7821.067 Z=-203.744), Max=(X=3307.029 Y=-7721.067 Z=37.257) RuntimeBounds:IsValid=true, Min=(X=-648.379 Y=-7821.067 Z=-203.744), Max=(X=3307.029 Y=-7721.067 Z=37.257) RuntimeGrid:None EditorOnly:false RuntimeOnly:false HLODRelevant:true ListedInSceneOutliner:true IsMainWorldOnly:false
 |   |   |- Guid:743440F24B4A849CAE95669F872ABC36 NativeClass:/Script/Engine.StaticMeshActor Name:StaticMeshActor_UAID_F89E94828C4AA47D02_1306507450 Label:Cube20 SpatiallyLoaded:true EditorBounds:IsValid=true, Min=(X=-24810.380 Y=-4498.436 Z=-203.744), Max=(X=-24448.754 Y=1856.114 Z=37.257) RuntimeBounds:IsValid=true, Min=(X=-24810.380 Y=-4498.436 Z=-203.744), Max=(X=-24448.754 Y=1856.114 Z=37.257) RuntimeGrid:None EditorOnly:false RuntimeOnly:false HLODRelevant:true ListedInSceneOutliner:true IsMainWorldOnly:false
 |   |   |- Guid:7A58AB5E4EF586D15D485EB74EF31AC4 NativeClass:/Script/Engine.StaticMeshActor Name:StaticMeshActor_UAID_F89E94828C4AA17D02_1900218847 Label:Cube16 SpatiallyLoaded:true EditorBounds:IsValid=true, Min=(X=-753.253 Y=-4841.067 Z=-203.744), Max=(X=691.904 Y=-4741.067 Z=37.257) RuntimeBounds:IsValid=true, Min=(X=-753.253 Y=-4841.067 Z=-203.744), Max=(X=691.904 Y=-4741.067 Z=37.257) RuntimeGrid:None EditorOnly:false RuntimeOnly:false HLODRelevant:true ListedInSceneOutliner:true IsMainWorldOnly:false
 |   |   |- Guid:7CEEEE6C4FFCC9EB2627009F75646B9E NativeClass:/Script/Engine.StaticMeshActor Name:StaticMeshActor_UAID_F89E94828C4AA17D02_1670619836 Label:Cube6 SpatiallyLoaded:true EditorBounds:IsValid=true, Min=(X=2788.412 Y=-6310.975 Z=-193.512), Max=(X=4114.346 Y=-4820.881 Z=-186.488) RuntimeBounds:IsValid=true, Min=(X=2788.412 Y=-6310.975 Z=-193.512), Max=(X=4114.346 Y=-4820.881 Z=-186.488) RuntimeGrid:None EditorOnly:false RuntimeOnly:false HLODRelevant:true ListedInSceneOutliner:true IsMainWorldOnly:false
 |   |   |- Guid:97E1D562423CC00B6856EFA2D898F0A2 NativeClass:/Script/Engine.StaticMeshActor Name:StaticMeshActor_UAID_F89E94828C4AA17D02_1827742843 Label:Cube12 SpatiallyLoaded:true EditorBounds:IsValid=true, Min=(X=3289.325 Y=-7876.465 Z=-203.744), Max=(X=3389.325 Y=-6305.670 Z=37.257) RuntimeBounds:IsValid=true, Min=(X=3289.325 Y=-7876.465 Z=-203.744), Max=(X=3389.325 Y=-6305.670 Z=37.257) RuntimeGrid:None EditorOnly:false RuntimeOnly:false HLODRelevant:true ListedInSceneOutliner:true IsMainWorldOnly:false
 |   |   |- Guid:A96CAE1240DE9F3439EF9D83AD583E93 NativeClass:/Script/Engine.StaticMeshActor Name:StaticMeshActor_UAID_F89E94828C4AA17D02_1658391834 Label:Cube4 SpatiallyLoaded:true EditorBounds:IsValid=true, Min=(X=678.412 Y=-7790.975 Z=-193.512), Max=(X=2004.346 Y=-6300.881 Z=-186.488) RuntimeBounds:IsValid=true, Min=(X=678.412 Y=-7790.975 Z=-193.512), Max=(X=2004.346 Y=-6300.881 Z=-186.488) RuntimeGrid:None EditorOnly:false RuntimeOnly:false HLODRelevant:true ListedInSceneOutliner:true IsMainWorldOnly:false
 |   |   |- Guid:B17907C042F335527C88DEA5ED148AC8 NativeClass:/Script/Engine.StaticMeshActor Name:StaticMeshActor_UAID_F89E94828C4AA17D02_1841359844 Label:Cube13 SpatiallyLoaded:true EditorBounds:IsValid=true, Min=(X=3256.871 Y=-6401.067 Z=-203.744), Max=(X=4201.780 Y=-6301.067 Z=37.257) RuntimeBounds:IsValid=true, Min=(X=3256.871 Y=-6401.067 Z=-203.744), Max=(X=4201.780 Y=-6301.067 Z=37.257) RuntimeGrid:None EditorOnly:false RuntimeOnly:false HLODRelevant:true ListedInSceneOutliner:true IsMainWorldOnly:false
 |   |   |- Guid:B5542CC241D6C8D88F128E8D656A63AB NativeClass:/Script/Engine.StaticMeshActor Name:StaticMeshActor_UAID_F89E94828C4AA47D02_1347122454 Label:Cube23 SpatiallyLoaded:true EditorBounds:IsValid=true, Min=(X=-19145.869 Y=-4692.378 Z=-203.744), Max=(X=-18976.985 Y=-2595.116 Z=37.257) RuntimeBounds:IsValid=true, Min=(X=-19145.869 Y=-4692.378 Z=-203.744), Max=(X=-18976.985 Y=-2595.116 Z=37.257) RuntimeGrid:None EditorOnly:false RuntimeOnly:false HLODRelevant:true ListedInSceneOutliner:true IsMainWorldOnly:false
 |   |   |- Guid:B785ED2844B84CFB91E7F39FE661CD99 NativeClass:/Script/Engine.DirectionalLight Name:DirectionalLight_0 Label:DirectionalLight SpatiallyLoaded:false EditorBounds:IsValid=true, Min=(X=-1048576.000 Y=-1048576.000 Z=-1048576.000), Max=(X=1048576.000 Y=1048576.000 Z=1048576.000) RuntimeBounds:IsValid=true, Min=(X=-1048576.000 Y=-1048576.000 Z=-1048576.000), Max=(X=1048576.000 Y=1048576.000 Z=1048576.000) RuntimeGrid:None EditorOnly:false RuntimeOnly:false HLODRelevant:false ListedInSceneOutliner:true IsMainWorldOnly:false FolderPath:Lighting FolderGuid:963EC3EB4002CCE9759E2EBA541A873A
 |   |   |- Guid:B928B3F54F4912AC4E46FEACEC637BD4 NativeClass:/Script/Engine.StaticMeshActor Name:StaticMeshActor_UAID_F89E94828C4AA17D02_1654903833 Label:Cube3 SpatiallyLoaded:true EditorBounds:IsValid=true, Min=(X=-651.588 Y=-7790.975 Z=-193.512), Max=(X=674.346 Y=-6300.881 Z=-186.488) RuntimeBounds:IsValid=true, Min=(X=-651.588 Y=-7790.975 Z=-193.512), Max=(X=674.346 Y=-6300.881 Z=-186.488) RuntimeGrid:None EditorOnly:false RuntimeOnly:false HLODRelevant:true ListedInSceneOutliner:true IsMainWorldOnly:false
 |   |   |- Guid:C554FFD54EF00CACAEE047B02FCA5548 NativeClass:/Script/Engine.SkeletalMeshActor Name:SkeletalMeshActor_UAID_F89E94828C4AA67D02_1203326838 Label:SKM_Manny_Simple SpatiallyLoaded:true EditorBounds:IsValid=true, Min=(X=223.316 Y=632.855 Z=1.921), Max=(X=340.322 Y=676.130 Z=182.918) RuntimeBounds:IsValid=true, Min=(X=223.316 Y=632.855 Z=1.921), Max=(X=340.322 Y=676.130 Z=182.918) RuntimeGrid:None EditorOnly:false RuntimeOnly:false HLODRelevant:false ListedInSceneOutliner:true IsMainWorldOnly:false
 |   |   |- Guid:CCFF262C46EEFFDF319E7F9539CE697E NativeClass:/Script/Engine.SkyAtmosphere Name:SkyAtmosphere_0 Label:SkyAtmosphere SpatiallyLoaded:false EditorBounds:IsValid=true, Min=(X=0.000 Y=0.000 Z=1020.000), Max=(X=0.000 Y=0.000 Z=1020.000) RuntimeBounds:IsValid=true, Min=(X=0.000 Y=0.000 Z=1020.000), Max=(X=0.000 Y=0.000 Z=1020.000) RuntimeGrid:None EditorOnly:false RuntimeOnly:false HLODRelevant:false ListedInSceneOutliner:true IsMainWorldOnly:false FolderPath:Lighting FolderGuid:963EC3EB4002CCE9759E2EBA541A873A
 |   |   |- Guid:D256E17349ADEE284C57249AF4987B62 NativeClass:/Script/Engine.StaticMeshActor Name:StaticMeshActor_UAID_F89E94828C4AA17D02_1661385835 Label:Cube5 SpatiallyLoaded:true EditorBounds:IsValid=true, Min=(X=1988.412 Y=-7790.975 Z=-193.512), Max=(X=3314.346 Y=-6300.881 Z=-186.488) RuntimeBounds:IsValid=true, Min=(X=1988.412 Y=-7790.975 Z=-193.512), Max=(X=3314.346 Y=-6300.881 Z=-186.488) RuntimeGrid:None EditorOnly:false RuntimeOnly:false HLODRelevant:true ListedInSceneOutliner:true IsMainWorldOnly:false
 |   |   |- Guid:DAC96453491B02A3C6DEB9A7DAE457DA NativeClass:/Script/Engine.StaticMeshActor Name:StaticMeshActor_UAID_F89E94828C4AA17D02_1501095831 Label:Cube SpatiallyLoaded:true EditorBounds:IsValid=true, Min=(X=672.758 Y=-6301.856 Z=-193.512), Max=(X=2790.000 Y=-3090.000 Z=-186.488) RuntimeBounds:IsValid=true, Min=(X=672.758 Y=-6301.856 Z=-193.512), Max=(X=2790.000 Y=-3090.000 Z=-186.488) RuntimeGrid:None EditorOnly:false RuntimeOnly:false HLODRelevant:true ListedInSceneOutliner:true IsMainWorldOnly:false
 |   |   |- Guid:DFB361104F6C5EC4DD9AE2B846427B92 NativeClass:/Script/Engine.StaticMeshActor Name:StaticMeshActor_UAID_F89E94828C4AA17D02_1637560832 Label:Cube2 SpatiallyLoaded:true EditorBounds:IsValid=true, Min=(X=-651.588 Y=-6300.975 Z=-193.512), Max=(X=674.346 Y=-4810.881 Z=-186.488) RuntimeBounds:IsValid=true, Min=(X=-651.588 Y=-6300.975 Z=-193.512), Max=(X=674.346 Y=-4810.881 Z=-186.488) RuntimeGrid:None EditorOnly:false RuntimeOnly:false HLODRelevant:true ListedInSceneOutliner:true IsMainWorldOnly:false
 |   |   |- Guid:E928C26A4618B18658FD14B446056DB2 NativeClass:/Script/Engine.StaticMeshActor Name:StaticMeshActor_UAID_F89E94828C4AA47D02_1339927453 Label:Cube22 SpatiallyLoaded:true EditorBounds:IsValid=true, Min=(X=-24822.469 Y=1607.553 Z=-203.744), Max=(X=-18467.919 Y=1969.180 Z=37.257) RuntimeBounds:IsValid=true, Min=(X=-24822.469 Y=1607.553 Z=-203.744), Max=(X=-18467.919 Y=1969.180 Z=37.257) RuntimeGrid:None EditorOnly:false RuntimeOnly:false HLODRelevant:true ListedInSceneOutliner:true IsMainWorldOnly:false
 |   |   |- Guid:F5E3FEB3450C49844FD93DA8E083C8AD NativeClass:/Script/Engine.PostProcessVolume Name:PostProcessVolume_0 Label:PostProcessVolume SpatiallyLoaded:false EditorBounds:IsValid=true, Min=(X=0.000 Y=0.000 Z=400.000), Max=(X=200.000 Y=200.000 Z=600.000) RuntimeBounds:IsValid=true, Min=(X=0.000 Y=0.000 Z=400.000), Max=(X=200.000 Y=200.000 Z=600.000) RuntimeGrid:None EditorOnly:false RuntimeOnly:false HLODRelevant:false ListedInSceneOutliner:true IsMainWorldOnly:false FolderPath:Lighting FolderGuid:963EC3EB4002CCE9759E2EBA541A873A
 |   |- [+] Clusters:
 |   |   |- [+] [  0]
 |   |   |   |- Guid:0FA8A6CA4BB4EACD03E5F392704BE7C4 NativeClass:/Script/Engine.StaticMeshActor Name:StaticMeshActor_UAID_F89E94828C4AA47D02_1335112452 Label:Cube21 SpatiallyLoaded:true EditorBounds:IsValid=true, Min=(X=-25086.466 Y=-4695.124 Z=-203.744), Max=(X=-21195.645 Y=-4435.032 Z=37.257) RuntimeBounds:IsValid=true, Min=(X=-25086.466 Y=-4695.124 Z=-203.744), Max=(X=-21195.645 Y=-4435.032 Z=37.257) RuntimeGrid:None EditorOnly:false RuntimeOnly:false HLODRelevant:true ListedInSceneOutliner:true IsMainWorldOnly:false
 |   |   |- [+] [  1]
 |   |   |   |- Guid:1F44294B4B3310143A049DA097B81225 NativeClass:/Script/Engine.StaticMeshActor Name:StaticMeshActor_UAID_F89E94828C4AA17D02_1881270846 Label:Cube15 SpatiallyLoaded:true EditorBounds:IsValid=true, Min=(X=-740.675 Y=-7777.028 Z=-203.744), Max=(X=-640.675 Y=-4785.107 Z=37.257) RuntimeBounds:IsValid=true, Min=(X=-740.675 Y=-7777.028 Z=-203.744), Max=(X=-640.675 Y=-4785.107 Z=37.257) RuntimeGrid:None EditorOnly:false RuntimeOnly:false HLODRelevant:true ListedInSceneOutliner:true IsMainWorldOnly:false
 |   |   |- [+] [  2]
 |   |   |   |- Guid:245052084D8DA9E55251AF8EDB328FF2 NativeClass:/Script/Engine.StaticMeshActor Name:StaticMeshActor_UAID_F89E94828C4AA17D02_1725233840 Label:Cube9 SpatiallyLoaded:true EditorBounds:IsValid=true, Min=(X=2866.623 Y=-3320.262 Z=-203.744), Max=(X=4172.028 Y=-3220.262 Z=37.257) RuntimeBounds:IsValid=true, Min=(X=2866.623 Y=-3320.262 Z=-203.744), Max=(X=4172.028 Y=-3220.262 Z=37.257) RuntimeGrid:None EditorOnly:false RuntimeOnly:false HLODRelevant:true ListedInSceneOutliner:true IsMainWorldOnly:false
 |   |   |- [+] [  3]
 |   |   |   |- Guid:2486C0884D1E7C47A14EC78FA836CCD2 NativeClass:/Script/Engine.StaticMeshActor Name:StaticMeshActor_UAID_F89E94828C4AA17D02_1674180837 Label:Cube7 SpatiallyLoaded:true EditorBounds:IsValid=true, Min=(X=2798.412 Y=-4820.975 Z=-193.512), Max=(X=4124.346 Y=-3330.881 Z=-186.488) RuntimeBounds:IsValid=true, Min=(X=2798.412 Y=-4820.975 Z=-193.512), Max=(X=4124.346 Y=-3330.881 Z=-186.488) RuntimeGrid:None EditorOnly:false RuntimeOnly:false HLODRelevant:true ListedInSceneOutliner:true IsMainWorldOnly:false
 |   |   |- [+] [  4]
 |   |   |   |- Guid:2FB58999456391D349DC0F86DAC136ED NativeClass:/Script/Engine.SkyLight Name:SkyLight_1 Label:SkyLight SpatiallyLoaded:false EditorBounds:IsValid=true, Min=(X=0.000 Y=0.000 Z=690.000), Max=(X=0.000 Y=0.000 Z=690.000) RuntimeBounds:IsValid=true, Min=(X=0.000 Y=0.000 Z=690.000), Max=(X=0.000 Y=0.000 Z=690.000) RuntimeGrid:None EditorOnly:false RuntimeOnly:false HLODRelevant:false ListedInSceneOutliner:true IsMainWorldOnly:false FolderPath:Lighting FolderGuid:963EC3EB4002CCE9759E2EBA541A873A
 |   |   |- [+] [  5]
 |   |   |   |- Guid:316CF2A6494ACA4C0E4180A87D36AB8F NativeClass:/Script/Engine.ExponentialHeightFog Name:ExponentialHeightFog_0 Label:ExponentialHeightFog SpatiallyLoaded:false EditorBounds:IsValid=true, Min=(X=-5600.000 Y=-50.000 Z=-6850.000), Max=(X=-5600.000 Y=-50.000 Z=-6850.000) RuntimeBounds:IsValid=true, Min=(X=-5600.000 Y=-50.000 Z=-6850.000), Max=(X=-5600.000 Y=-50.000 Z=-6850.000) RuntimeGrid:None EditorOnly:false RuntimeOnly:false HLODRelevant:false ListedInSceneOutliner:true IsMainWorldOnly:false FolderPath:Lighting FolderGuid:963EC3EB4002CCE9759E2EBA541A873A
 |   |   |- [+] [  6]
 |   |   |   |- Guid:369E1FCA494C2DB631BB61917E983104 NativeClass:/Script/Engine.StaticMeshActor Name:StaticMeshActor_UAID_F89E94828C4AA47D02_1348491455 Label:Cube24 SpatiallyLoaded:true EditorBounds:IsValid=true, Min=(X=-19021.068 Y=-472.403 Z=-203.744), Max=(X=-18838.623 Y=1762.984 Z=37.257) RuntimeBounds:IsValid=true, Min=(X=-19021.068 Y=-472.403 Z=-203.744), Max=(X=-18838.623 Y=1762.984 Z=37.257) RuntimeGrid:None EditorOnly:false RuntimeOnly:false HLODRelevant:true ListedInSceneOutliner:true IsMainWorldOnly:false
 |   |   |- [+] [  7]
 |   |   |   |- Guid:3A00AA1C422CE54C0BDB60BAF471BFBB NativeClass:/Script/Engine.PlayerStart Name:PlayerStart_0 Label:PlayerStart SpatiallyLoaded:false EditorBounds:IsValid=true, Min=(X=-1859.749 Y=2036.728 Z=-34.000), Max=(X=-1542.467 Y=2412.574 Z=222.000) RuntimeBounds:IsValid=true, Min=(X=-1725.108 Y=2229.933 Z=2.000), Max=(X=-1615.826 Y=2339.215 Z=186.000) RuntimeGrid:None EditorOnly:false RuntimeOnly:false HLODRelevant:false ListedInSceneOutliner:true IsMainWorldOnly:false
 |   |   |- [+] [  8]
 |   |   |   |- Guid:4B0099E2460D24089E71DE9C8B639C60 NativeClass:/Script/Engine.StaticMeshActor Name:StaticMeshActor_UAID_F89E94828C4AA17D02_1755807841 Label:Cube10 SpatiallyLoaded:true EditorBounds:IsValid=true, Min=(X=4099.325 Y=-6337.489 Z=-203.744), Max=(X=4199.325 Y=-3264.646 Z=37.257) RuntimeBounds:IsValid=true, Min=(X=4099.325 Y=-6337.489 Z=-203.744), Max=(X=4199.325 Y=-3264.646 Z=37.257) RuntimeGrid:None EditorOnly:false RuntimeOnly:false HLODRelevant:true ListedInSceneOutliner:true IsMainWorldOnly:false
 |   |   |- [+] [  9]
 |   |   |   |- Guid:4D3BE93F4146AAAC8BBE79999D96D57F NativeClass:/Script/Engine.VolumetricCloud Name:VolumetricCloud_0 Label:VolumetricCloud SpatiallyLoaded:false EditorBounds:IsValid=true, Min=(X=0.000 Y=0.000 Z=820.000), Max=(X=0.000 Y=0.000 Z=820.000) RuntimeBounds:IsValid=true, Min=(X=0.000 Y=0.000 Z=820.000), Max=(X=0.000 Y=0.000 Z=820.000) RuntimeGrid:None EditorOnly:false RuntimeOnly:false HLODRelevant:false ListedInSceneOutliner:true IsMainWorldOnly:false FolderPath:Lighting FolderGuid:963EC3EB4002CCE9759E2EBA541A873A
 |   |   |- [+] [ 10]
 |   |   |   |- Guid:4EB9B8AB40043AE11192C6AAD7D268EB NativeClass:/Script/Engine.StaticMeshActor Name:StaticMeshActor_UAID_F89E94828C4AA17D02_1857523845 Label:Cube14 SpatiallyLoaded:true EditorBounds:IsValid=true, Min=(X=579.325 Y=-4819.370 Z=-203.744), Max=(X=679.325 Y=-2802.764 Z=37.257) RuntimeBounds:IsValid=true, Min=(X=579.325 Y=-4819.370 Z=-203.744), Max=(X=679.325 Y=-2802.764 Z=37.257) RuntimeGrid:None EditorOnly:false RuntimeOnly:false HLODRelevant:true ListedInSceneOutliner:true IsMainWorldOnly:false
 |   |   |- [+] [ 11]
 |   |   |   |- Guid:5A4A3E3C45BD51F0605E7AA78BB51219 NativeClass:/Script/Engine.StaticMeshActor Name:StaticMeshActor_UAID_F89E94828C4AA47D02_1143245435 Label:Cube19 SpatiallyLoaded:true EditorBounds:IsValid=true, Min=(X=-24662.699 Y=-4656.765 Z=-193.569), Max=(X=-18961.454 Y=1809.793 Z=-186.431) RuntimeBounds:IsValid=true, Min=(X=-24662.699 Y=-4656.765 Z=-193.569), Max=(X=-18961.454 Y=1809.793 Z=-186.431) RuntimeGrid:None EditorOnly:false RuntimeOnly:false HLODRelevant:true ListedInSceneOutliner:true IsMainWorldOnly:false
 |   |   |- [+] [ 12]
 |   |   |   |- Guid:6BAF4DDD444C60371492D3919DB42C97 NativeClass:/Script/Engine.WorldDataLayers Name:WorldDataLayers Label:WorldDataLayers SpatiallyLoaded:false EditorBounds:IsValid=true, Min=(X=0.000 Y=0.000 Z=0.000), Max=(X=0.000 Y=0.000 Z=0.000) RuntimeBounds:IsValid=true, Min=(X=0.000 Y=0.000 Z=0.000), Max=(X=0.000 Y=0.000 Z=0.000) RuntimeGrid:None EditorOnly:false RuntimeOnly:false HLODRelevant:false ListedInSceneOutliner:true IsMainWorldOnly:true
 |   |   |- [+] [ 13]
 |   |   |   |- Guid:7135F1EA4A28BE222F5E7CB9EDA23A94 NativeClass:/Script/Engine.StaticMeshActor Name:StaticMeshActor_UAID_F89E94828C4AA17D02_1814797842 Label:Cube11 SpatiallyLoaded:true EditorBounds:IsValid=true, Min=(X=-648.379 Y=-7821.067 Z=-203.744), Max=(X=3307.029 Y=-7721.067 Z=37.257) RuntimeBounds:IsValid=true, Min=(X=-648.379 Y=-7821.067 Z=-203.744), Max=(X=3307.029 Y=-7721.067 Z=37.257) RuntimeGrid:None EditorOnly:false RuntimeOnly:false HLODRelevant:true ListedInSceneOutliner:true IsMainWorldOnly:false
 |   |   |- [+] [ 14]
 |   |   |   |- Guid:743440F24B4A849CAE95669F872ABC36 NativeClass:/Script/Engine.StaticMeshActor Name:StaticMeshActor_UAID_F89E94828C4AA47D02_1306507450 Label:Cube20 SpatiallyLoaded:true EditorBounds:IsValid=true, Min=(X=-24810.380 Y=-4498.436 Z=-203.744), Max=(X=-24448.754 Y=1856.114 Z=37.257) RuntimeBounds:IsValid=true, Min=(X=-24810.380 Y=-4498.436 Z=-203.744), Max=(X=-24448.754 Y=1856.114 Z=37.257) RuntimeGrid:None EditorOnly:false RuntimeOnly:false HLODRelevant:true ListedInSceneOutliner:true IsMainWorldOnly:false
 |   |   |- [+] [ 15]
 |   |   |   |- Guid:7A58AB5E4EF586D15D485EB74EF31AC4 NativeClass:/Script/Engine.StaticMeshActor Name:StaticMeshActor_UAID_F89E94828C4AA17D02_1900218847 Label:Cube16 SpatiallyLoaded:true EditorBounds:IsValid=true, Min=(X=-753.253 Y=-4841.067 Z=-203.744), Max=(X=691.904 Y=-4741.067 Z=37.257) RuntimeBounds:IsValid=true, Min=(X=-753.253 Y=-4841.067 Z=-203.744), Max=(X=691.904 Y=-4741.067 Z=37.257) RuntimeGrid:None EditorOnly:false RuntimeOnly:false HLODRelevant:true ListedInSceneOutliner:true IsMainWorldOnly:false
 |   |   |- [+] [ 16]
 |   |   |   |- Guid:7CEEEE6C4FFCC9EB2627009F75646B9E NativeClass:/Script/Engine.StaticMeshActor Name:StaticMeshActor_UAID_F89E94828C4AA17D02_1670619836 Label:Cube6 SpatiallyLoaded:true EditorBounds:IsValid=true, Min=(X=2788.412 Y=-6310.975 Z=-193.512), Max=(X=4114.346 Y=-4820.881 Z=-186.488) RuntimeBounds:IsValid=true, Min=(X=2788.412 Y=-6310.975 Z=-193.512), Max=(X=4114.346 Y=-4820.881 Z=-186.488) RuntimeGrid:None EditorOnly:false RuntimeOnly:false HLODRelevant:true ListedInSceneOutliner:true IsMainWorldOnly:false
 |   |   |- [+] [ 17]
 |   |   |   |- Guid:97E1D562423CC00B6856EFA2D898F0A2 NativeClass:/Script/Engine.StaticMeshActor Name:StaticMeshActor_UAID_F89E94828C4AA17D02_1827742843 Label:Cube12 SpatiallyLoaded:true EditorBounds:IsValid=true, Min=(X=3289.325 Y=-7876.465 Z=-203.744), Max=(X=3389.325 Y=-6305.670 Z=37.257) RuntimeBounds:IsValid=true, Min=(X=3289.325 Y=-7876.465 Z=-203.744), Max=(X=3389.325 Y=-6305.670 Z=37.257) RuntimeGrid:None EditorOnly:false RuntimeOnly:false HLODRelevant:true ListedInSceneOutliner:true IsMainWorldOnly:false
 |   |   |- [+] [ 18]
 |   |   |   |- Guid:A96CAE1240DE9F3439EF9D83AD583E93 NativeClass:/Script/Engine.StaticMeshActor Name:StaticMeshActor_UAID_F89E94828C4AA17D02_1658391834 Label:Cube4 SpatiallyLoaded:true EditorBounds:IsValid=true, Min=(X=678.412 Y=-7790.975 Z=-193.512), Max=(X=2004.346 Y=-6300.881 Z=-186.488) RuntimeBounds:IsValid=true, Min=(X=678.412 Y=-7790.975 Z=-193.512), Max=(X=2004.346 Y=-6300.881 Z=-186.488) RuntimeGrid:None EditorOnly:false RuntimeOnly:false HLODRelevant:true ListedInSceneOutliner:true IsMainWorldOnly:false
 |   |   |- [+] [ 19]
 |   |   |   |- Guid:B17907C042F335527C88DEA5ED148AC8 NativeClass:/Script/Engine.StaticMeshActor Name:StaticMeshActor_UAID_F89E94828C4AA17D02_1841359844 Label:Cube13 SpatiallyLoaded:true EditorBounds:IsValid=true, Min=(X=3256.871 Y=-6401.067 Z=-203.744), Max=(X=4201.780 Y=-6301.067 Z=37.257) RuntimeBounds:IsValid=true, Min=(X=3256.871 Y=-6401.067 Z=-203.744), Max=(X=4201.780 Y=-6301.067 Z=37.257) RuntimeGrid:None EditorOnly:false RuntimeOnly:false HLODRelevant:true ListedInSceneOutliner:true IsMainWorldOnly:false
 |   |   |- [+] [ 20]
 |   |   |   |- Guid:B5542CC241D6C8D88F128E8D656A63AB NativeClass:/Script/Engine.StaticMeshActor Name:StaticMeshActor_UAID_F89E94828C4AA47D02_1347122454 Label:Cube23 SpatiallyLoaded:true EditorBounds:IsValid=true, Min=(X=-19145.869 Y=-4692.378 Z=-203.744), Max=(X=-18976.985 Y=-2595.116 Z=37.257) RuntimeBounds:IsValid=true, Min=(X=-19145.869 Y=-4692.378 Z=-203.744), Max=(X=-18976.985 Y=-2595.116 Z=37.257) RuntimeGrid:None EditorOnly:false RuntimeOnly:false HLODRelevant:true ListedInSceneOutliner:true IsMainWorldOnly:false
 |   |   |- [+] [ 21]
 |   |   |   |- Guid:B785ED2844B84CFB91E7F39FE661CD99 NativeClass:/Script/Engine.DirectionalLight Name:DirectionalLight_0 Label:DirectionalLight SpatiallyLoaded:false EditorBounds:IsValid=true, Min=(X=-1048576.000 Y=-1048576.000 Z=-1048576.000), Max=(X=1048576.000 Y=1048576.000 Z=1048576.000) RuntimeBounds:IsValid=true, Min=(X=-1048576.000 Y=-1048576.000 Z=-1048576.000), Max=(X=1048576.000 Y=1048576.000 Z=1048576.000) RuntimeGrid:None EditorOnly:false RuntimeOnly:false HLODRelevant:false ListedInSceneOutliner:true IsMainWorldOnly:false FolderPath:Lighting FolderGuid:963EC3EB4002CCE9759E2EBA541A873A
 |   |   |- [+] [ 22]
 |   |   |   |- Guid:B928B3F54F4912AC4E46FEACEC637BD4 NativeClass:/Script/Engine.StaticMeshActor Name:StaticMeshActor_UAID_F89E94828C4AA17D02_1654903833 Label:Cube3 SpatiallyLoaded:true EditorBounds:IsValid=true, Min=(X=-651.588 Y=-7790.975 Z=-193.512), Max=(X=674.346 Y=-6300.881 Z=-186.488) RuntimeBounds:IsValid=true, Min=(X=-651.588 Y=-7790.975 Z=-193.512), Max=(X=674.346 Y=-6300.881 Z=-186.488) RuntimeGrid:None EditorOnly:false RuntimeOnly:false HLODRelevant:true ListedInSceneOutliner:true IsMainWorldOnly:false
 |   |   |- [+] [ 23]
 |   |   |   |- Guid:C554FFD54EF00CACAEE047B02FCA5548 NativeClass:/Script/Engine.SkeletalMeshActor Name:SkeletalMeshActor_UAID_F89E94828C4AA67D02_1203326838 Label:SKM_Manny_Simple SpatiallyLoaded:true EditorBounds:IsValid=true, Min=(X=223.316 Y=632.855 Z=1.921), Max=(X=340.322 Y=676.130 Z=182.918) RuntimeBounds:IsValid=true, Min=(X=223.316 Y=632.855 Z=1.921), Max=(X=340.322 Y=676.130 Z=182.918) RuntimeGrid:None EditorOnly:false RuntimeOnly:false HLODRelevant:false ListedInSceneOutliner:true IsMainWorldOnly:false
 |   |   |- [+] [ 24]
 |   |   |   |- Guid:CCFF262C46EEFFDF319E7F9539CE697E NativeClass:/Script/Engine.SkyAtmosphere Name:SkyAtmosphere_0 Label:SkyAtmosphere SpatiallyLoaded:false EditorBounds:IsValid=true, Min=(X=0.000 Y=0.000 Z=1020.000), Max=(X=0.000 Y=0.000 Z=1020.000) RuntimeBounds:IsValid=true, Min=(X=0.000 Y=0.000 Z=1020.000), Max=(X=0.000 Y=0.000 Z=1020.000) RuntimeGrid:None EditorOnly:false RuntimeOnly:false HLODRelevant:false ListedInSceneOutliner:true IsMainWorldOnly:false FolderPath:Lighting FolderGuid:963EC3EB4002CCE9759E2EBA541A873A
 |   |   |- [+] [ 25]
 |   |   |   |- Guid:D256E17349ADEE284C57249AF4987B62 NativeClass:/Script/Engine.StaticMeshActor Name:StaticMeshActor_UAID_F89E94828C4AA17D02_1661385835 Label:Cube5 SpatiallyLoaded:true EditorBounds:IsValid=true, Min=(X=1988.412 Y=-7790.975 Z=-193.512), Max=(X=3314.346 Y=-6300.881 Z=-186.488) RuntimeBounds:IsValid=true, Min=(X=1988.412 Y=-7790.975 Z=-193.512), Max=(X=3314.346 Y=-6300.881 Z=-186.488) RuntimeGrid:None EditorOnly:false RuntimeOnly:false HLODRelevant:true ListedInSceneOutliner:true IsMainWorldOnly:false
 |   |   |- [+] [ 26]
 |   |   |   |- Guid:DAC96453491B02A3C6DEB9A7DAE457DA NativeClass:/Script/Engine.StaticMeshActor Name:StaticMeshActor_UAID_F89E94828C4AA17D02_1501095831 Label:Cube SpatiallyLoaded:true EditorBounds:IsValid=true, Min=(X=672.758 Y=-6301.856 Z=-193.512), Max=(X=2790.000 Y=-3090.000 Z=-186.488) RuntimeBounds:IsValid=true, Min=(X=672.758 Y=-6301.856 Z=-193.512), Max=(X=2790.000 Y=-3090.000 Z=-186.488) RuntimeGrid:None EditorOnly:false RuntimeOnly:false HLODRelevant:true ListedInSceneOutliner:true IsMainWorldOnly:false
 |   |   |- [+] [ 27]
 |   |   |   |- Guid:DFB361104F6C5EC4DD9AE2B846427B92 NativeClass:/Script/Engine.StaticMeshActor Name:StaticMeshActor_UAID_F89E94828C4AA17D02_1637560832 Label:Cube2 SpatiallyLoaded:true EditorBounds:IsValid=true, Min=(X=-651.588 Y=-6300.975 Z=-193.512), Max=(X=674.346 Y=-4810.881 Z=-186.488) RuntimeBounds:IsValid=true, Min=(X=-651.588 Y=-6300.975 Z=-193.512), Max=(X=674.346 Y=-4810.881 Z=-186.488) RuntimeGrid:None EditorOnly:false RuntimeOnly:false HLODRelevant:true ListedInSceneOutliner:true IsMainWorldOnly:false
 |   |   |- [+] [ 28]
 |   |   |   |- Guid:E928C26A4618B18658FD14B446056DB2 NativeClass:/Script/Engine.StaticMeshActor Name:StaticMeshActor_UAID_F89E94828C4AA47D02_1339927453 Label:Cube22 SpatiallyLoaded:true EditorBounds:IsValid=true, Min=(X=-24822.469 Y=1607.553 Z=-203.744), Max=(X=-18467.919 Y=1969.180 Z=37.257) RuntimeBounds:IsValid=true, Min=(X=-24822.469 Y=1607.553 Z=-203.744), Max=(X=-18467.919 Y=1969.180 Z=37.257) RuntimeGrid:None EditorOnly:false RuntimeOnly:false HLODRelevant:true ListedInSceneOutliner:true IsMainWorldOnly:false
 |   |   |- [+] [ 29]
 |   |   |   |- Guid:F5E3FEB3450C49844FD93DA8E083C8AD NativeClass:/Script/Engine.PostProcessVolume Name:PostProcessVolume_0 Label:PostProcessVolume SpatiallyLoaded:false EditorBounds:IsValid=true, Min=(X=0.000 Y=0.000 Z=400.000), Max=(X=200.000 Y=200.000 Z=600.000) RuntimeBounds:IsValid=true, Min=(X=0.000 Y=0.000 Z=400.000), Max=(X=200.000 Y=200.000 Z=600.000) RuntimeGrid:None EditorOnly:false RuntimeOnly:false HLODRelevant:false ListedInSceneOutliner:true IsMainWorldOnly:false FolderPath:Lighting FolderGuid:963EC3EB4002CCE9759E2EBA541A873A
 |- ContainerInstances:
 |- [+] MainContainer:
 |   |-        ID: 00000000000000000000000000000000
 |   |-  ParentID: 00000000000000000000000000000000
 |   |-    Bounds: IsValid=false, Min=(X=0.000 Y=0.000 Z=0.000), Max=(X=0.000 Y=0.000 Z=0.000)
 |   |- Transform: 0.000000,0.000000,0.000000|0.000000,0.000000,-0.000000|1.000000,1.000000,1.000000
 |   |- Container: /Game/ThirdPerson/Maps/ThirdPersonMap
----------------------------------------------------------------------------------------------------------------
ThirdPersonMap - Persistent Level
----------------------------------------------------------------------------------------------------------------
[+] Content of ThirdPersonMap Persistent Level
 |- Always loaded Actor Count: 30 
 |- Actor Path: /Game/ThirdPerson/Maps/ThirdPersonMap.ThirdPersonMap:PersistentLevel.DirectionalLight_0
 |- Actor Package: /Game/__ExternalActors__/ThirdPerson/Maps/ThirdPersonMap/5/R1/TS5OQ5CRUWFZYL1ZQ7I416
 |- Actor Path: /Game/ThirdPerson/Maps/ThirdPersonMap.ThirdPersonMap:PersistentLevel.ExponentialHeightFog_0
 |- Actor Package: /Game/__ExternalActors__/ThirdPerson/Maps/ThirdPersonMap/6/J7/N10XDC9G27EMLS5AGZ6AVV
 |- Actor Path: /Game/ThirdPerson/Maps/ThirdPersonMap.ThirdPersonMap:PersistentLevel.PlayerStart_0
 |- Actor Package: /Game/__ExternalActors__/ThirdPerson/Maps/ThirdPersonMap/D/DE/SWSI13675DVYIZ0N4NF7Y3
 |- Actor Path: /Game/ThirdPerson/Maps/ThirdPersonMap.ThirdPersonMap:PersistentLevel.PostProcessVolume_0
 |- Actor Package: /Game/__ExternalActors__/ThirdPerson/Maps/ThirdPersonMap/1/AZ/A7GPT109Y6ZTTJD4A7TXER
 |- Actor Path: /Game/ThirdPerson/Maps/ThirdPersonMap.ThirdPersonMap:PersistentLevel.SkeletalMeshActor_UAID_F89E94828C4AA67D02_1203326838
 |- Actor Package: /Game/__ExternalActors__/ThirdPerson/Maps/ThirdPersonMap/0/B5/NKSNF11KRWOPLRMF42NUN8
 |- Actor Path: /Game/ThirdPerson/Maps/ThirdPersonMap.ThirdPersonMap:PersistentLevel.SkyAtmosphere_0
 |- Actor Package: /Game/__ExternalActors__/ThirdPerson/Maps/ThirdPersonMap/4/LN/30UBDLYFFA5ZR7U4W4L4GG
 |- Actor Path: /Game/ThirdPerson/Maps/ThirdPersonMap.ThirdPersonMap:PersistentLevel.SkyLight_1
 |- Actor Package: /Game/__ExternalActors__/ThirdPerson/Maps/ThirdPersonMap/8/S1/DXUWD12MD3HRWVVXX076BY
 |- Actor Path: /Game/ThirdPerson/Maps/ThirdPersonMap.ThirdPersonMap:PersistentLevel.StaticMeshActor_UAID_F89E94828C4AA17D02_1501095831
 |- Actor Package: /Game/__ExternalActors__/ThirdPerson/Maps/ThirdPersonMap/4/Y1/L2SMFETNHI7AECU09PWKNS
 |- Actor Path: /Game/ThirdPerson/Maps/ThirdPersonMap.ThirdPersonMap:PersistentLevel.StaticMeshActor_UAID_F89E94828C4AA17D02_1637560832
 |- Actor Package: /Game/__ExternalActors__/ThirdPerson/Maps/ThirdPersonMap/9/C7/9S9YY5ZOGKPU7FBZIG4DSS
 |- Actor Path: /Game/ThirdPerson/Maps/ThirdPersonMap.ThirdPersonMap:PersistentLevel.StaticMeshActor_UAID_F89E94828C4AA17D02_1654903833
 |- Actor Package: /Game/__ExternalActors__/ThirdPerson/Maps/ThirdPersonMap/2/Z3/9E38P1FOVDPDZKJG0NNRI8
 |- Actor Path: /Game/ThirdPerson/Maps/ThirdPersonMap.ThirdPersonMap:PersistentLevel.StaticMeshActor_UAID_F89E94828C4AA17D02_1658391834
 |- Actor Package: /Game/__ExternalActors__/ThirdPerson/Maps/ThirdPersonMap/7/WU/NDLF7AQISB5W487YXZA91W
 |- Actor Path: /Game/ThirdPerson/Maps/ThirdPersonMap.ThirdPersonMap:PersistentLevel.StaticMeshActor_UAID_F89E94828C4AA17D02_1661385835
 |- Actor Package: /Game/__ExternalActors__/ThirdPerson/Maps/ThirdPersonMap/6/2I/65NLCI39JMZNCGA9OCTBA9
 |- Actor Path: /Game/ThirdPerson/Maps/ThirdPersonMap.ThirdPersonMap:PersistentLevel.StaticMeshActor_UAID_F89E94828C4AA17D02_1670619836
 |- Actor Package: /Game/__ExternalActors__/ThirdPerson/Maps/ThirdPersonMap/1/MX/OWCNIU7HI9888HT7WVAA21
 |- Actor Path: /Game/ThirdPerson/Maps/ThirdPersonMap.ThirdPersonMap:PersistentLevel.StaticMeshActor_UAID_F89E94828C4AA17D02_1674180837
 |- Actor Package: /Game/__ExternalActors__/ThirdPerson/Maps/ThirdPersonMap/2/EN/AFZSIZHFSPVNGUQC821DYD
 |- Actor Path: /Game/ThirdPerson/Maps/ThirdPersonMap.ThirdPersonMap:PersistentLevel.StaticMeshActor_UAID_F89E94828C4AA17D02_1725233840
 |- Actor Package: /Game/__ExternalActors__/ThirdPerson/Maps/ThirdPersonMap/7/Z9/UMTRSTC9ZWUZK65OGIDUBR
 |- Actor Path: /Game/ThirdPerson/Maps/ThirdPersonMap.ThirdPersonMap:PersistentLevel.StaticMeshActor_UAID_F89E94828C4AA17D02_1755807841
 |- Actor Package: /Game/__ExternalActors__/ThirdPerson/Maps/ThirdPersonMap/5/Z2/YN4KXCEIO1CXA744BQSOWD
 |- Actor Path: /Game/ThirdPerson/Maps/ThirdPersonMap.ThirdPersonMap:PersistentLevel.StaticMeshActor_UAID_F89E94828C4AA17D02_1814797842
 |- Actor Package: /Game/__ExternalActors__/ThirdPerson/Maps/ThirdPersonMap/2/AU/OIL6XOEDWN3YH0M94IXXG3
 |- Actor Path: /Game/ThirdPerson/Maps/ThirdPersonMap.ThirdPersonMap:PersistentLevel.StaticMeshActor_UAID_F89E94828C4AA17D02_1827742843
 |- Actor Package: /Game/__ExternalActors__/ThirdPerson/Maps/ThirdPersonMap/8/T0/8BDMM2XX34KQCHFUX386RB
 |- Actor Path: /Game/ThirdPerson/Maps/ThirdPersonMap.ThirdPersonMap:PersistentLevel.StaticMeshActor_UAID_F89E94828C4AA17D02_1841359844
 |- Actor Package: /Game/__ExternalActors__/ThirdPerson/Maps/ThirdPersonMap/5/NZ/V51J0HCV6VQFAUBJEJ9E1U
 |- Actor Path: /Game/ThirdPerson/Maps/ThirdPersonMap.ThirdPersonMap:PersistentLevel.StaticMeshActor_UAID_F89E94828C4AA17D02_1857523845
 |- Actor Package: /Game/__ExternalActors__/ThirdPerson/Maps/ThirdPersonMap/7/UE/381XDW8DH632XP25TTOBVL
 |- Actor Path: /Game/ThirdPerson/Maps/ThirdPersonMap.ThirdPersonMap:PersistentLevel.StaticMeshActor_UAID_F89E94828C4AA17D02_1881270846
 |- Actor Package: /Game/__ExternalActors__/ThirdPerson/Maps/ThirdPersonMap/3/TW/1P6SPOYPVSB1B83FF7O1W6
 |- Actor Path: /Game/ThirdPerson/Maps/ThirdPersonMap.ThirdPersonMap:PersistentLevel.StaticMeshActor_UAID_F89E94828C4AA17D02_1900218847
 |- Actor Package: /Game/__ExternalActors__/ThirdPerson/Maps/ThirdPersonMap/3/OK/XQU5MINU5FSUUFIUQQTMQV
 |- Actor Path: /Game/ThirdPerson/Maps/ThirdPersonMap.ThirdPersonMap:PersistentLevel.StaticMeshActor_UAID_F89E94828C4AA47D02_1143245435
 |- Actor Package: /Game/__ExternalActors__/ThirdPerson/Maps/ThirdPersonMap/8/03/QEHL8DOPW2X9S9KUOY9EB4
 |- Actor Path: /Game/ThirdPerson/Maps/ThirdPersonMap.ThirdPersonMap:PersistentLevel.StaticMeshActor_UAID_F89E94828C4AA47D02_1306507450
 |- Actor Package: /Game/__ExternalActors__/ThirdPerson/Maps/ThirdPersonMap/1/68/M5J6GSIBXQAKSLN51338DO
 |- Actor Path: /Game/ThirdPerson/Maps/ThirdPersonMap.ThirdPersonMap:PersistentLevel.StaticMeshActor_UAID_F89E94828C4AA47D02_1335112452
 |- Actor Package: /Game/__ExternalActors__/ThirdPerson/Maps/ThirdPersonMap/B/46/KPZUWJVUTCN30GJJ00BBSA
 |- Actor Path: /Game/ThirdPerson/Maps/ThirdPersonMap.ThirdPersonMap:PersistentLevel.StaticMeshActor_UAID_F89E94828C4AA47D02_1339927453
 |- Actor Package: /Game/__ExternalActors__/ThirdPerson/Maps/ThirdPersonMap/0/EB/INSGRQI5UT8EDENTU0SSZV
 |- Actor Path: /Game/ThirdPerson/Maps/ThirdPersonMap.ThirdPersonMap:PersistentLevel.StaticMeshActor_UAID_F89E94828C4AA47D02_1347122454
 |- Actor Package: /Game/__ExternalActors__/ThirdPerson/Maps/ThirdPersonMap/D/66/IAY1FMBFMQ3C69UY0GZ2I2
 |- Actor Path: /Game/ThirdPerson/Maps/ThirdPersonMap.ThirdPersonMap:PersistentLevel.StaticMeshActor_UAID_F89E94828C4AA47D02_1348491455
 |- Actor Package: /Game/__ExternalActors__/ThirdPerson/Maps/ThirdPersonMap/0/SU/7N8LIJ7EG716Z3U0MIFJMQ
 |- Actor Path: /Game/ThirdPerson/Maps/ThirdPersonMap.ThirdPersonMap:PersistentLevel.VolumetricCloud_0
 |- Actor Package: /Game/__ExternalActors__/ThirdPerson/Maps/ThirdPersonMap/3/EY/87SHEJN5UBEAN2K5OV1G6R
 |- Actor Path: /Game/ThirdPerson/Maps/ThirdPersonMap.ThirdPersonMap:PersistentLevel.WorldDataLayers
 |- Actor Package: /Game/__ExternalActors__/ThirdPerson/Maps/ThirdPersonMap/0/43/HYQWORMY4JDQ5X3OKZXFLC

----------------------------------------------------------------------------------------------------------------
ThirdPersonMap - Runtime Hash Set
----------------------------------------------------------------------------------------------------------------

